ARM GAS  /tmp/ccRY7F7T.s 			page 1


   1              		.cpu cortex-m3
   2              		.eabi_attribute 20, 1
   3              		.eabi_attribute 21, 1
   4              		.eabi_attribute 23, 3
   5              		.eabi_attribute 24, 1
   6              		.eabi_attribute 25, 1
   7              		.eabi_attribute 26, 1
   8              		.eabi_attribute 30, 1
   9              		.eabi_attribute 34, 1
  10              		.eabi_attribute 18, 4
  11              		.file	"stm32f1xx_hal_msp.c"
  12              		.text
  13              	.Ltext0:
  14              		.cfi_sections	.debug_frame
  15              		.section	.text.HAL_MspInit,"ax",%progbits
  16              		.align	1
  17              		.global	HAL_MspInit
  18              		.syntax unified
  19              		.thumb
  20              		.thumb_func
  21              		.fpu softvfp
  23              	HAL_MspInit:
  24              	.LFB64:
  25              		.file 1 "Src/stm32f1xx_hal_msp.c"
   1:Src/stm32f1xx_hal_msp.c **** /**
   2:Src/stm32f1xx_hal_msp.c ****   ******************************************************************************
   3:Src/stm32f1xx_hal_msp.c ****   * File Name          : stm32f1xx_hal_msp.c
   4:Src/stm32f1xx_hal_msp.c ****   * Description        : This file provides code for the MSP Initialization 
   5:Src/stm32f1xx_hal_msp.c ****   *                      and de-Initialization codes.
   6:Src/stm32f1xx_hal_msp.c ****   ******************************************************************************
   7:Src/stm32f1xx_hal_msp.c ****   ** This notice applies to any and all portions of this file
   8:Src/stm32f1xx_hal_msp.c ****   * that are not between comment pairs USER CODE BEGIN and
   9:Src/stm32f1xx_hal_msp.c ****   * USER CODE END. Other portions of this file, whether 
  10:Src/stm32f1xx_hal_msp.c ****   * inserted by the user or by software development tools
  11:Src/stm32f1xx_hal_msp.c ****   * are owned by their respective copyright owners.
  12:Src/stm32f1xx_hal_msp.c ****   *
  13:Src/stm32f1xx_hal_msp.c ****   * COPYRIGHT(c) 2017 STMicroelectronics
  14:Src/stm32f1xx_hal_msp.c ****   *
  15:Src/stm32f1xx_hal_msp.c ****   * Redistribution and use in source and binary forms, with or without modification,
  16:Src/stm32f1xx_hal_msp.c ****   * are permitted provided that the following conditions are met:
  17:Src/stm32f1xx_hal_msp.c ****   *   1. Redistributions of source code must retain the above copyright notice,
  18:Src/stm32f1xx_hal_msp.c ****   *      this list of conditions and the following disclaimer.
  19:Src/stm32f1xx_hal_msp.c ****   *   2. Redistributions in binary form must reproduce the above copyright notice,
  20:Src/stm32f1xx_hal_msp.c ****   *      this list of conditions and the following disclaimer in the documentation
  21:Src/stm32f1xx_hal_msp.c ****   *      and/or other materials provided with the distribution.
  22:Src/stm32f1xx_hal_msp.c ****   *   3. Neither the name of STMicroelectronics nor the names of its contributors
  23:Src/stm32f1xx_hal_msp.c ****   *      may be used to endorse or promote products derived from this software
  24:Src/stm32f1xx_hal_msp.c ****   *      without specific prior written permission.
  25:Src/stm32f1xx_hal_msp.c ****   *
  26:Src/stm32f1xx_hal_msp.c ****   * THIS SOFTWARE IS PROVIDED BY THE COPYRIGHT HOLDERS AND CONTRIBUTORS "AS IS"
  27:Src/stm32f1xx_hal_msp.c ****   * AND ANY EXPRESS OR IMPLIED WARRANTIES, INCLUDING, BUT NOT LIMITED TO, THE
  28:Src/stm32f1xx_hal_msp.c ****   * IMPLIED WARRANTIES OF MERCHANTABILITY AND FITNESS FOR A PARTICULAR PURPOSE ARE
  29:Src/stm32f1xx_hal_msp.c ****   * DISCLAIMED. IN NO EVENT SHALL THE COPYRIGHT HOLDER OR CONTRIBUTORS BE LIABLE
  30:Src/stm32f1xx_hal_msp.c ****   * FOR ANY DIRECT, INDIRECT, INCIDENTAL, SPECIAL, EXEMPLARY, OR CONSEQUENTIAL
  31:Src/stm32f1xx_hal_msp.c ****   * DAMAGES (INCLUDING, BUT NOT LIMITED TO, PROCUREMENT OF SUBSTITUTE GOODS OR
  32:Src/stm32f1xx_hal_msp.c ****   * SERVICES; LOSS OF USE, DATA, OR PROFITS; OR BUSINESS INTERRUPTION) HOWEVER
  33:Src/stm32f1xx_hal_msp.c ****   * CAUSED AND ON ANY THEORY OF LIABILITY, WHETHER IN CONTRACT, STRICT LIABILITY,
ARM GAS  /tmp/ccRY7F7T.s 			page 2


  34:Src/stm32f1xx_hal_msp.c ****   * OR TORT (INCLUDING NEGLIGENCE OR OTHERWISE) ARISING IN ANY WAY OUT OF THE USE
  35:Src/stm32f1xx_hal_msp.c ****   * OF THIS SOFTWARE, EVEN IF ADVISED OF THE POSSIBILITY OF SUCH DAMAGE.
  36:Src/stm32f1xx_hal_msp.c ****   *
  37:Src/stm32f1xx_hal_msp.c ****   ******************************************************************************
  38:Src/stm32f1xx_hal_msp.c ****   */
  39:Src/stm32f1xx_hal_msp.c **** /* Includes ------------------------------------------------------------------*/
  40:Src/stm32f1xx_hal_msp.c **** #include "stm32f1xx_hal.h"
  41:Src/stm32f1xx_hal_msp.c **** 
  42:Src/stm32f1xx_hal_msp.c **** extern DMA_HandleTypeDef hdma_usart1_rx;
  43:Src/stm32f1xx_hal_msp.c **** 
  44:Src/stm32f1xx_hal_msp.c **** extern DMA_HandleTypeDef hdma_usart1_tx;
  45:Src/stm32f1xx_hal_msp.c **** 
  46:Src/stm32f1xx_hal_msp.c **** extern void _Error_Handler(char *, int);
  47:Src/stm32f1xx_hal_msp.c **** /* USER CODE BEGIN 0 */
  48:Src/stm32f1xx_hal_msp.c **** 
  49:Src/stm32f1xx_hal_msp.c **** /* USER CODE END 0 */
  50:Src/stm32f1xx_hal_msp.c **** /**
  51:Src/stm32f1xx_hal_msp.c ****   * Initializes the Global MSP.
  52:Src/stm32f1xx_hal_msp.c ****   */
  53:Src/stm32f1xx_hal_msp.c **** void HAL_MspInit(void)
  54:Src/stm32f1xx_hal_msp.c **** {
  26              		.loc 1 54 0
  27              		.cfi_startproc
  28              		@ args = 0, pretend = 0, frame = 8
  29              		@ frame_needed = 0, uses_anonymous_args = 0
  30 0000 00B5     		push	{lr}
  31              	.LCFI0:
  32              		.cfi_def_cfa_offset 4
  33              		.cfi_offset 14, -4
  34 0002 83B0     		sub	sp, sp, #12
  35              	.LCFI1:
  36              		.cfi_def_cfa_offset 16
  37              	.LBB2:
  55:Src/stm32f1xx_hal_msp.c ****   /* USER CODE BEGIN MspInit 0 */
  56:Src/stm32f1xx_hal_msp.c **** 
  57:Src/stm32f1xx_hal_msp.c ****   /* USER CODE END MspInit 0 */
  58:Src/stm32f1xx_hal_msp.c **** 
  59:Src/stm32f1xx_hal_msp.c ****   __HAL_RCC_AFIO_CLK_ENABLE();
  38              		.loc 1 59 0
  39 0004 214B     		ldr	r3, .L3
  40 0006 9A69     		ldr	r2, [r3, #24]
  41 0008 42F00102 		orr	r2, r2, #1
  42 000c 9A61     		str	r2, [r3, #24]
  43 000e 9B69     		ldr	r3, [r3, #24]
  44 0010 03F00103 		and	r3, r3, #1
  45 0014 0193     		str	r3, [sp, #4]
  46 0016 019B     		ldr	r3, [sp, #4]
  47              	.LBE2:
  60:Src/stm32f1xx_hal_msp.c **** 
  61:Src/stm32f1xx_hal_msp.c ****   HAL_NVIC_SetPriorityGrouping(NVIC_PRIORITYGROUP_4);
  48              		.loc 1 61 0
  49 0018 0320     		movs	r0, #3
  50 001a FFF7FEFF 		bl	HAL_NVIC_SetPriorityGrouping
  51              	.LVL0:
  62:Src/stm32f1xx_hal_msp.c **** 
  63:Src/stm32f1xx_hal_msp.c ****   /* System interrupt init*/
  64:Src/stm32f1xx_hal_msp.c ****   /* MemoryManagement_IRQn interrupt configuration */
ARM GAS  /tmp/ccRY7F7T.s 			page 3


  65:Src/stm32f1xx_hal_msp.c ****   HAL_NVIC_SetPriority(MemoryManagement_IRQn, 0, 0);
  52              		.loc 1 65 0
  53 001e 0022     		movs	r2, #0
  54 0020 1146     		mov	r1, r2
  55 0022 6FF00B00 		mvn	r0, #11
  56 0026 FFF7FEFF 		bl	HAL_NVIC_SetPriority
  57              	.LVL1:
  66:Src/stm32f1xx_hal_msp.c ****   /* BusFault_IRQn interrupt configuration */
  67:Src/stm32f1xx_hal_msp.c ****   HAL_NVIC_SetPriority(BusFault_IRQn, 0, 0);
  58              		.loc 1 67 0
  59 002a 0022     		movs	r2, #0
  60 002c 1146     		mov	r1, r2
  61 002e 6FF00A00 		mvn	r0, #10
  62 0032 FFF7FEFF 		bl	HAL_NVIC_SetPriority
  63              	.LVL2:
  68:Src/stm32f1xx_hal_msp.c ****   /* UsageFault_IRQn interrupt configuration */
  69:Src/stm32f1xx_hal_msp.c ****   HAL_NVIC_SetPriority(UsageFault_IRQn, 0, 0);
  64              		.loc 1 69 0
  65 0036 0022     		movs	r2, #0
  66 0038 1146     		mov	r1, r2
  67 003a 6FF00900 		mvn	r0, #9
  68 003e FFF7FEFF 		bl	HAL_NVIC_SetPriority
  69              	.LVL3:
  70:Src/stm32f1xx_hal_msp.c ****   /* SVCall_IRQn interrupt configuration */
  71:Src/stm32f1xx_hal_msp.c ****   HAL_NVIC_SetPriority(SVCall_IRQn, 0, 0);
  70              		.loc 1 71 0
  71 0042 0022     		movs	r2, #0
  72 0044 1146     		mov	r1, r2
  73 0046 6FF00400 		mvn	r0, #4
  74 004a FFF7FEFF 		bl	HAL_NVIC_SetPriority
  75              	.LVL4:
  72:Src/stm32f1xx_hal_msp.c ****   /* DebugMonitor_IRQn interrupt configuration */
  73:Src/stm32f1xx_hal_msp.c ****   HAL_NVIC_SetPriority(DebugMonitor_IRQn, 0, 0);
  76              		.loc 1 73 0
  77 004e 0022     		movs	r2, #0
  78 0050 1146     		mov	r1, r2
  79 0052 6FF00300 		mvn	r0, #3
  80 0056 FFF7FEFF 		bl	HAL_NVIC_SetPriority
  81              	.LVL5:
  74:Src/stm32f1xx_hal_msp.c ****   /* PendSV_IRQn interrupt configuration */
  75:Src/stm32f1xx_hal_msp.c ****   HAL_NVIC_SetPriority(PendSV_IRQn, 0, 0);
  82              		.loc 1 75 0
  83 005a 0022     		movs	r2, #0
  84 005c 1146     		mov	r1, r2
  85 005e 6FF00100 		mvn	r0, #1
  86 0062 FFF7FEFF 		bl	HAL_NVIC_SetPriority
  87              	.LVL6:
  76:Src/stm32f1xx_hal_msp.c ****   /* SysTick_IRQn interrupt configuration */
  77:Src/stm32f1xx_hal_msp.c ****   HAL_NVIC_SetPriority(SysTick_IRQn, 0, 0);
  88              		.loc 1 77 0
  89 0066 0022     		movs	r2, #0
  90 0068 1146     		mov	r1, r2
  91 006a 4FF0FF30 		mov	r0, #-1
  92 006e FFF7FEFF 		bl	HAL_NVIC_SetPriority
  93              	.LVL7:
  78:Src/stm32f1xx_hal_msp.c **** 
  79:Src/stm32f1xx_hal_msp.c ****     /**DISABLE: JTAG-DP Disabled and SW-DP Disabled 
ARM GAS  /tmp/ccRY7F7T.s 			page 4


  80:Src/stm32f1xx_hal_msp.c ****     */
  81:Src/stm32f1xx_hal_msp.c ****   __HAL_AFIO_REMAP_SWJ_DISABLE();
  94              		.loc 1 81 0
  95 0072 074B     		ldr	r3, .L3+4
  96 0074 5A68     		ldr	r2, [r3, #4]
  97 0076 22F0E062 		bic	r2, r2, #117440512
  98 007a 5A60     		str	r2, [r3, #4]
  99 007c 5A68     		ldr	r2, [r3, #4]
 100 007e 42F08062 		orr	r2, r2, #67108864
 101 0082 5A60     		str	r2, [r3, #4]
  82:Src/stm32f1xx_hal_msp.c **** 
  83:Src/stm32f1xx_hal_msp.c ****   /* USER CODE BEGIN MspInit 1 */
  84:Src/stm32f1xx_hal_msp.c **** 
  85:Src/stm32f1xx_hal_msp.c ****   /* USER CODE END MspInit 1 */
  86:Src/stm32f1xx_hal_msp.c **** }
 102              		.loc 1 86 0
 103 0084 03B0     		add	sp, sp, #12
 104              	.LCFI2:
 105              		.cfi_def_cfa_offset 4
 106              		@ sp needed
 107 0086 5DF804FB 		ldr	pc, [sp], #4
 108              	.L4:
 109 008a 00BF     		.align	2
 110              	.L3:
 111 008c 00100240 		.word	1073876992
 112 0090 00000140 		.word	1073807360
 113              		.cfi_endproc
 114              	.LFE64:
 116              		.section	.text.HAL_UART_MspInit,"ax",%progbits
 117              		.align	1
 118              		.global	HAL_UART_MspInit
 119              		.syntax unified
 120              		.thumb
 121              		.thumb_func
 122              		.fpu softvfp
 124              	HAL_UART_MspInit:
 125              	.LFB65:
  87:Src/stm32f1xx_hal_msp.c **** 
  88:Src/stm32f1xx_hal_msp.c **** void HAL_UART_MspInit(UART_HandleTypeDef* huart)
  89:Src/stm32f1xx_hal_msp.c **** {
 126              		.loc 1 89 0
 127              		.cfi_startproc
 128              		@ args = 0, pretend = 0, frame = 24
 129              		@ frame_needed = 0, uses_anonymous_args = 0
 130              	.LVL8:
  90:Src/stm32f1xx_hal_msp.c **** 
  91:Src/stm32f1xx_hal_msp.c ****   GPIO_InitTypeDef GPIO_InitStruct;
  92:Src/stm32f1xx_hal_msp.c ****   if(huart->Instance==USART1)
 131              		.loc 1 92 0
 132 0000 0268     		ldr	r2, [r0]
 133 0002 2D4B     		ldr	r3, .L16
 134 0004 9A42     		cmp	r2, r3
 135 0006 00D0     		beq	.L13
 136 0008 7047     		bx	lr
 137              	.L13:
  89:Src/stm32f1xx_hal_msp.c **** 
 138              		.loc 1 89 0
ARM GAS  /tmp/ccRY7F7T.s 			page 5


 139 000a 70B5     		push	{r4, r5, r6, lr}
 140              	.LCFI3:
 141              		.cfi_def_cfa_offset 16
 142              		.cfi_offset 4, -16
 143              		.cfi_offset 5, -12
 144              		.cfi_offset 6, -8
 145              		.cfi_offset 14, -4
 146 000c 86B0     		sub	sp, sp, #24
 147              	.LCFI4:
 148              		.cfi_def_cfa_offset 40
 149 000e 0446     		mov	r4, r0
 150              	.LBB3:
  93:Src/stm32f1xx_hal_msp.c ****   {
  94:Src/stm32f1xx_hal_msp.c ****   /* USER CODE BEGIN USART1_MspInit 0 */
  95:Src/stm32f1xx_hal_msp.c **** 
  96:Src/stm32f1xx_hal_msp.c ****   /* USER CODE END USART1_MspInit 0 */
  97:Src/stm32f1xx_hal_msp.c ****     /* Peripheral clock enable */
  98:Src/stm32f1xx_hal_msp.c ****     __HAL_RCC_USART1_CLK_ENABLE();
 151              		.loc 1 98 0
 152 0010 03F55843 		add	r3, r3, #55296
 153 0014 9A69     		ldr	r2, [r3, #24]
 154 0016 42F48042 		orr	r2, r2, #16384
 155 001a 9A61     		str	r2, [r3, #24]
 156 001c 9B69     		ldr	r3, [r3, #24]
 157 001e 03F48043 		and	r3, r3, #16384
 158 0022 0193     		str	r3, [sp, #4]
 159 0024 019B     		ldr	r3, [sp, #4]
 160              	.LBE3:
  99:Src/stm32f1xx_hal_msp.c ****   
 100:Src/stm32f1xx_hal_msp.c ****     /**USART1 GPIO Configuration    
 101:Src/stm32f1xx_hal_msp.c ****     PA9     ------> USART1_TX
 102:Src/stm32f1xx_hal_msp.c ****     PA10     ------> USART1_RX 
 103:Src/stm32f1xx_hal_msp.c ****     */
 104:Src/stm32f1xx_hal_msp.c ****     GPIO_InitStruct.Pin = GPIO_PIN_9;
 161              		.loc 1 104 0
 162 0026 4FF40073 		mov	r3, #512
 163 002a 0293     		str	r3, [sp, #8]
 105:Src/stm32f1xx_hal_msp.c ****     GPIO_InitStruct.Mode = GPIO_MODE_AF_PP;
 164              		.loc 1 105 0
 165 002c 0223     		movs	r3, #2
 166 002e 0393     		str	r3, [sp, #12]
 106:Src/stm32f1xx_hal_msp.c ****     GPIO_InitStruct.Speed = GPIO_SPEED_FREQ_HIGH;
 167              		.loc 1 106 0
 168 0030 0323     		movs	r3, #3
 169 0032 0593     		str	r3, [sp, #20]
 107:Src/stm32f1xx_hal_msp.c ****     HAL_GPIO_Init(GPIOA, &GPIO_InitStruct);
 170              		.loc 1 107 0
 171 0034 214E     		ldr	r6, .L16+4
 172 0036 02A9     		add	r1, sp, #8
 173 0038 3046     		mov	r0, r6
 174              	.LVL9:
 175 003a FFF7FEFF 		bl	HAL_GPIO_Init
 176              	.LVL10:
 108:Src/stm32f1xx_hal_msp.c **** 
 109:Src/stm32f1xx_hal_msp.c ****     GPIO_InitStruct.Pin = GPIO_PIN_10;
 177              		.loc 1 109 0
 178 003e 4FF48063 		mov	r3, #1024
ARM GAS  /tmp/ccRY7F7T.s 			page 6


 179 0042 0293     		str	r3, [sp, #8]
 110:Src/stm32f1xx_hal_msp.c ****     GPIO_InitStruct.Mode = GPIO_MODE_INPUT;
 180              		.loc 1 110 0
 181 0044 0025     		movs	r5, #0
 182 0046 0395     		str	r5, [sp, #12]
 111:Src/stm32f1xx_hal_msp.c ****     GPIO_InitStruct.Pull = GPIO_NOPULL;
 183              		.loc 1 111 0
 184 0048 0495     		str	r5, [sp, #16]
 112:Src/stm32f1xx_hal_msp.c ****     HAL_GPIO_Init(GPIOA, &GPIO_InitStruct);
 185              		.loc 1 112 0
 186 004a 02A9     		add	r1, sp, #8
 187 004c 3046     		mov	r0, r6
 188 004e FFF7FEFF 		bl	HAL_GPIO_Init
 189              	.LVL11:
 113:Src/stm32f1xx_hal_msp.c **** 
 114:Src/stm32f1xx_hal_msp.c ****     /* USART1 DMA Init */
 115:Src/stm32f1xx_hal_msp.c ****     /* USART1_RX Init */
 116:Src/stm32f1xx_hal_msp.c ****     hdma_usart1_rx.Instance = DMA1_Channel5;
 190              		.loc 1 116 0
 191 0052 1B48     		ldr	r0, .L16+8
 192 0054 1B4B     		ldr	r3, .L16+12
 193 0056 0360     		str	r3, [r0]
 117:Src/stm32f1xx_hal_msp.c ****     hdma_usart1_rx.Init.Direction = DMA_PERIPH_TO_MEMORY;
 194              		.loc 1 117 0
 195 0058 4560     		str	r5, [r0, #4]
 118:Src/stm32f1xx_hal_msp.c ****     hdma_usart1_rx.Init.PeriphInc = DMA_PINC_DISABLE;
 196              		.loc 1 118 0
 197 005a 8560     		str	r5, [r0, #8]
 119:Src/stm32f1xx_hal_msp.c ****     hdma_usart1_rx.Init.MemInc = DMA_MINC_ENABLE;
 198              		.loc 1 119 0
 199 005c 8023     		movs	r3, #128
 200 005e C360     		str	r3, [r0, #12]
 120:Src/stm32f1xx_hal_msp.c ****     hdma_usart1_rx.Init.PeriphDataAlignment = DMA_PDATAALIGN_BYTE;
 201              		.loc 1 120 0
 202 0060 0561     		str	r5, [r0, #16]
 121:Src/stm32f1xx_hal_msp.c ****     hdma_usart1_rx.Init.MemDataAlignment = DMA_MDATAALIGN_BYTE;
 203              		.loc 1 121 0
 204 0062 4561     		str	r5, [r0, #20]
 122:Src/stm32f1xx_hal_msp.c ****     hdma_usart1_rx.Init.Mode = DMA_CIRCULAR;
 205              		.loc 1 122 0
 206 0064 2023     		movs	r3, #32
 207 0066 8361     		str	r3, [r0, #24]
 123:Src/stm32f1xx_hal_msp.c ****     hdma_usart1_rx.Init.Priority = DMA_PRIORITY_LOW;
 208              		.loc 1 123 0
 209 0068 C561     		str	r5, [r0, #28]
 124:Src/stm32f1xx_hal_msp.c ****     if (HAL_DMA_Init(&hdma_usart1_rx) != HAL_OK)
 210              		.loc 1 124 0
 211 006a FFF7FEFF 		bl	HAL_DMA_Init
 212              	.LVL12:
 213 006e C0B9     		cbnz	r0, .L14
 214              	.L7:
 125:Src/stm32f1xx_hal_msp.c ****     {
 126:Src/stm32f1xx_hal_msp.c ****       _Error_Handler(__FILE__, __LINE__);
 127:Src/stm32f1xx_hal_msp.c ****     }
 128:Src/stm32f1xx_hal_msp.c **** 
 129:Src/stm32f1xx_hal_msp.c ****     __HAL_LINKDMA(huart,hdmarx,hdma_usart1_rx);
 215              		.loc 1 129 0
ARM GAS  /tmp/ccRY7F7T.s 			page 7


 216 0070 134B     		ldr	r3, .L16+8
 217 0072 6363     		str	r3, [r4, #52]
 218 0074 5C62     		str	r4, [r3, #36]
 130:Src/stm32f1xx_hal_msp.c **** 
 131:Src/stm32f1xx_hal_msp.c ****     /* USART1_TX Init */
 132:Src/stm32f1xx_hal_msp.c ****     hdma_usart1_tx.Instance = DMA1_Channel4;
 219              		.loc 1 132 0
 220 0076 1448     		ldr	r0, .L16+16
 221 0078 144B     		ldr	r3, .L16+20
 222 007a 0360     		str	r3, [r0]
 133:Src/stm32f1xx_hal_msp.c ****     hdma_usart1_tx.Init.Direction = DMA_MEMORY_TO_PERIPH;
 223              		.loc 1 133 0
 224 007c 1023     		movs	r3, #16
 225 007e 4360     		str	r3, [r0, #4]
 134:Src/stm32f1xx_hal_msp.c ****     hdma_usart1_tx.Init.PeriphInc = DMA_PINC_DISABLE;
 226              		.loc 1 134 0
 227 0080 0023     		movs	r3, #0
 228 0082 8360     		str	r3, [r0, #8]
 135:Src/stm32f1xx_hal_msp.c ****     hdma_usart1_tx.Init.MemInc = DMA_MINC_ENABLE;
 229              		.loc 1 135 0
 230 0084 8022     		movs	r2, #128
 231 0086 C260     		str	r2, [r0, #12]
 136:Src/stm32f1xx_hal_msp.c ****     hdma_usart1_tx.Init.PeriphDataAlignment = DMA_PDATAALIGN_BYTE;
 232              		.loc 1 136 0
 233 0088 0361     		str	r3, [r0, #16]
 137:Src/stm32f1xx_hal_msp.c ****     hdma_usart1_tx.Init.MemDataAlignment = DMA_MDATAALIGN_BYTE;
 234              		.loc 1 137 0
 235 008a 4361     		str	r3, [r0, #20]
 138:Src/stm32f1xx_hal_msp.c ****     hdma_usart1_tx.Init.Mode = DMA_CIRCULAR;
 236              		.loc 1 138 0
 237 008c 2022     		movs	r2, #32
 238 008e 8261     		str	r2, [r0, #24]
 139:Src/stm32f1xx_hal_msp.c ****     hdma_usart1_tx.Init.Priority = DMA_PRIORITY_LOW;
 239              		.loc 1 139 0
 240 0090 C361     		str	r3, [r0, #28]
 140:Src/stm32f1xx_hal_msp.c ****     if (HAL_DMA_Init(&hdma_usart1_tx) != HAL_OK)
 241              		.loc 1 140 0
 242 0092 FFF7FEFF 		bl	HAL_DMA_Init
 243              	.LVL13:
 244 0096 48B9     		cbnz	r0, .L15
 245              	.L8:
 141:Src/stm32f1xx_hal_msp.c ****     {
 142:Src/stm32f1xx_hal_msp.c ****       _Error_Handler(__FILE__, __LINE__);
 143:Src/stm32f1xx_hal_msp.c ****     }
 144:Src/stm32f1xx_hal_msp.c **** 
 145:Src/stm32f1xx_hal_msp.c ****     __HAL_LINKDMA(huart,hdmatx,hdma_usart1_tx);
 246              		.loc 1 145 0
 247 0098 0B4B     		ldr	r3, .L16+16
 248 009a 2363     		str	r3, [r4, #48]
 249 009c 5C62     		str	r4, [r3, #36]
 146:Src/stm32f1xx_hal_msp.c **** 
 147:Src/stm32f1xx_hal_msp.c ****   /* USER CODE BEGIN USART1_MspInit 1 */
 148:Src/stm32f1xx_hal_msp.c **** 
 149:Src/stm32f1xx_hal_msp.c ****   /* USER CODE END USART1_MspInit 1 */
 150:Src/stm32f1xx_hal_msp.c ****   }
 151:Src/stm32f1xx_hal_msp.c **** 
 152:Src/stm32f1xx_hal_msp.c **** }
ARM GAS  /tmp/ccRY7F7T.s 			page 8


 250              		.loc 1 152 0
 251 009e 06B0     		add	sp, sp, #24
 252              	.LCFI5:
 253              		.cfi_remember_state
 254              		.cfi_def_cfa_offset 16
 255              		@ sp needed
 256 00a0 70BD     		pop	{r4, r5, r6, pc}
 257              	.LVL14:
 258              	.L14:
 259              	.LCFI6:
 260              		.cfi_restore_state
 126:Src/stm32f1xx_hal_msp.c ****     }
 261              		.loc 1 126 0
 262 00a2 7E21     		movs	r1, #126
 263 00a4 0A48     		ldr	r0, .L16+24
 264 00a6 FFF7FEFF 		bl	_Error_Handler
 265              	.LVL15:
 266 00aa E1E7     		b	.L7
 267              	.L15:
 142:Src/stm32f1xx_hal_msp.c ****     }
 268              		.loc 1 142 0
 269 00ac 8E21     		movs	r1, #142
 270 00ae 0848     		ldr	r0, .L16+24
 271 00b0 FFF7FEFF 		bl	_Error_Handler
 272              	.LVL16:
 273 00b4 F0E7     		b	.L8
 274              	.L17:
 275 00b6 00BF     		.align	2
 276              	.L16:
 277 00b8 00380140 		.word	1073821696
 278 00bc 00080140 		.word	1073809408
 279 00c0 00000000 		.word	hdma_usart1_rx
 280 00c4 58000240 		.word	1073872984
 281 00c8 00000000 		.word	hdma_usart1_tx
 282 00cc 44000240 		.word	1073872964
 283 00d0 00000000 		.word	.LC0
 284              		.cfi_endproc
 285              	.LFE65:
 287              		.section	.text.HAL_UART_MspDeInit,"ax",%progbits
 288              		.align	1
 289              		.global	HAL_UART_MspDeInit
 290              		.syntax unified
 291              		.thumb
 292              		.thumb_func
 293              		.fpu softvfp
 295              	HAL_UART_MspDeInit:
 296              	.LFB66:
 153:Src/stm32f1xx_hal_msp.c **** 
 154:Src/stm32f1xx_hal_msp.c **** void HAL_UART_MspDeInit(UART_HandleTypeDef* huart)
 155:Src/stm32f1xx_hal_msp.c **** {
 297              		.loc 1 155 0
 298              		.cfi_startproc
 299              		@ args = 0, pretend = 0, frame = 0
 300              		@ frame_needed = 0, uses_anonymous_args = 0
 301              	.LVL17:
 156:Src/stm32f1xx_hal_msp.c **** 
 157:Src/stm32f1xx_hal_msp.c ****   if(huart->Instance==USART1)
ARM GAS  /tmp/ccRY7F7T.s 			page 9


 302              		.loc 1 157 0
 303 0000 0268     		ldr	r2, [r0]
 304 0002 0B4B     		ldr	r3, .L25
 305 0004 9A42     		cmp	r2, r3
 306 0006 00D0     		beq	.L24
 307 0008 7047     		bx	lr
 308              	.L24:
 155:Src/stm32f1xx_hal_msp.c **** 
 309              		.loc 1 155 0
 310 000a 10B5     		push	{r4, lr}
 311              	.LCFI7:
 312              		.cfi_def_cfa_offset 8
 313              		.cfi_offset 4, -8
 314              		.cfi_offset 14, -4
 315 000c 0446     		mov	r4, r0
 158:Src/stm32f1xx_hal_msp.c ****   {
 159:Src/stm32f1xx_hal_msp.c ****   /* USER CODE BEGIN USART1_MspDeInit 0 */
 160:Src/stm32f1xx_hal_msp.c **** 
 161:Src/stm32f1xx_hal_msp.c ****   /* USER CODE END USART1_MspDeInit 0 */
 162:Src/stm32f1xx_hal_msp.c ****     /* Peripheral clock disable */
 163:Src/stm32f1xx_hal_msp.c ****     __HAL_RCC_USART1_CLK_DISABLE();
 316              		.loc 1 163 0
 317 000e 094A     		ldr	r2, .L25+4
 318 0010 9369     		ldr	r3, [r2, #24]
 319 0012 23F48043 		bic	r3, r3, #16384
 320 0016 9361     		str	r3, [r2, #24]
 164:Src/stm32f1xx_hal_msp.c ****   
 165:Src/stm32f1xx_hal_msp.c ****     /**USART1 GPIO Configuration    
 166:Src/stm32f1xx_hal_msp.c ****     PA9     ------> USART1_TX
 167:Src/stm32f1xx_hal_msp.c ****     PA10     ------> USART1_RX 
 168:Src/stm32f1xx_hal_msp.c ****     */
 169:Src/stm32f1xx_hal_msp.c ****     HAL_GPIO_DeInit(GPIOA, GPIO_PIN_9|GPIO_PIN_10);
 321              		.loc 1 169 0
 322 0018 4FF4C061 		mov	r1, #1536
 323 001c 0648     		ldr	r0, .L25+8
 324              	.LVL18:
 325 001e FFF7FEFF 		bl	HAL_GPIO_DeInit
 326              	.LVL19:
 170:Src/stm32f1xx_hal_msp.c **** 
 171:Src/stm32f1xx_hal_msp.c ****     /* USART1 DMA DeInit */
 172:Src/stm32f1xx_hal_msp.c ****     HAL_DMA_DeInit(huart->hdmarx);
 327              		.loc 1 172 0
 328 0022 606B     		ldr	r0, [r4, #52]
 329 0024 FFF7FEFF 		bl	HAL_DMA_DeInit
 330              	.LVL20:
 173:Src/stm32f1xx_hal_msp.c ****     HAL_DMA_DeInit(huart->hdmatx);
 331              		.loc 1 173 0
 332 0028 206B     		ldr	r0, [r4, #48]
 333 002a FFF7FEFF 		bl	HAL_DMA_DeInit
 334              	.LVL21:
 335 002e 10BD     		pop	{r4, pc}
 336              	.LVL22:
 337              	.L26:
 338              		.align	2
 339              	.L25:
 340 0030 00380140 		.word	1073821696
 341 0034 00100240 		.word	1073876992
ARM GAS  /tmp/ccRY7F7T.s 			page 10


 342 0038 00080140 		.word	1073809408
 343              		.cfi_endproc
 344              	.LFE66:
 346              		.section	.rodata.HAL_UART_MspInit.str1.4,"aMS",%progbits,1
 347              		.align	2
 348              	.LC0:
 349 0000 5372632F 		.ascii	"Src/stm32f1xx_hal_msp.c\000"
 349      73746D33 
 349      32663178 
 349      785F6861 
 349      6C5F6D73 
 350              		.text
 351              	.Letext0:
 352              		.file 2 "/home/human/charles/electronics/arm/compiler/gcc-arm-none-eabi/arm-none-eabi/include/mach
 353              		.file 3 "/home/human/charles/electronics/arm/compiler/gcc-arm-none-eabi/arm-none-eabi/include/sys/
 354              		.file 4 "Drivers/CMSIS/Include/core_cm3.h"
 355              		.file 5 "Drivers/CMSIS/Device/ST/STM32F1xx/Include/system_stm32f1xx.h"
 356              		.file 6 "Drivers/CMSIS/Device/ST/STM32F1xx/Include/stm32f103xb.h"
 357              		.file 7 "/home/human/charles/electronics/arm/compiler/gcc-arm-none-eabi/arm-none-eabi/include/sys/
 358              		.file 8 "/home/human/charles/electronics/arm/compiler/gcc-arm-none-eabi/arm-none-eabi/include/sys/
 359              		.file 9 "/home/human/charles/electronics/arm/compiler/gcc-arm-none-eabi/lib/gcc/arm-none-eabi/6.3.
 360              		.file 10 "/home/human/charles/electronics/arm/compiler/gcc-arm-none-eabi/arm-none-eabi/include/sys
 361              		.file 11 "Drivers/STM32F1xx_HAL_Driver/Inc/stm32f1xx_hal_def.h"
 362              		.file 12 "Drivers/STM32F1xx_HAL_Driver/Inc/stm32f1xx_hal_gpio.h"
 363              		.file 13 "Drivers/STM32F1xx_HAL_Driver/Inc/stm32f1xx_hal_dma.h"
 364              		.file 14 "Drivers/STM32F1xx_HAL_Driver/Inc/stm32f1xx_hal_uart.h"
 365              		.file 15 "Drivers/STM32F1xx_HAL_Driver/Inc/stm32f1xx_hal_cortex.h"
ARM GAS  /tmp/ccRY7F7T.s 			page 11


DEFINED SYMBOLS
                            *ABS*:0000000000000000 stm32f1xx_hal_msp.c
     /tmp/ccRY7F7T.s:16     .text.HAL_MspInit:0000000000000000 $t
     /tmp/ccRY7F7T.s:23     .text.HAL_MspInit:0000000000000000 HAL_MspInit
     /tmp/ccRY7F7T.s:111    .text.HAL_MspInit:000000000000008c $d
     /tmp/ccRY7F7T.s:117    .text.HAL_UART_MspInit:0000000000000000 $t
     /tmp/ccRY7F7T.s:124    .text.HAL_UART_MspInit:0000000000000000 HAL_UART_MspInit
     /tmp/ccRY7F7T.s:277    .text.HAL_UART_MspInit:00000000000000b8 $d
     /tmp/ccRY7F7T.s:288    .text.HAL_UART_MspDeInit:0000000000000000 $t
     /tmp/ccRY7F7T.s:295    .text.HAL_UART_MspDeInit:0000000000000000 HAL_UART_MspDeInit
     /tmp/ccRY7F7T.s:340    .text.HAL_UART_MspDeInit:0000000000000030 $d
     /tmp/ccRY7F7T.s:347    .rodata.HAL_UART_MspInit.str1.4:0000000000000000 $d
                     .debug_frame:0000000000000010 $d

UNDEFINED SYMBOLS
HAL_NVIC_SetPriorityGrouping
HAL_NVIC_SetPriority
HAL_GPIO_Init
HAL_DMA_Init
_Error_Handler
hdma_usart1_rx
hdma_usart1_tx
HAL_GPIO_DeInit
HAL_DMA_DeInit
